[2026-06-12T15:46:16.491Z] GET http://localhost:4189/ → 200 (9ms, 864B)
[2026-06-12T15:46:16.505Z] GET http://localhost:4189/@vite/client → 200 (4ms, 137703B)
[2026-06-12T15:46:16.505Z] GET http://localhost:4189/src/main.jsx?t=1781279128422 → 200 (4ms, 2190B)
[2026-06-12T15:46:16.509Z] GET http://localhost:4189/@react-refresh → 200 (2ms, 117548B)
[2026-06-12T15:46:16.510Z] GET http://localhost:4189/node_modules/.vite/deps/react_jsx-dev-runtime.js?v=1e27d184 → 200 (?ms, 37035B)
[2026-06-12T15:46:16.510Z] GET http://localhost:4189/node_modules/.vite/deps/react.js?v=1e27d184 → 200 (1ms, 219B)
[2026-06-12T15:46:16.510Z] GET http://localhost:4189/node_modules/.vite/deps/react-dom_client.js?v=1e27d184 → 200 (1ms, 1118B)
[2026-06-12T15:46:16.510Z] GET http://localhost:4189/src/App.jsx?t=1781279102785 → 200 (2ms, 24046B)
[2026-06-12T15:46:16.510Z] GET http://localhost:4189/src/index.css?t=1781279128422 → 200 (2ms, 13893B)
[2026-06-12T15:46:16.510Z] GET http://localhost:4189/node_modules/vite/dist/client/env.mjs → 200 (2ms, 4021B)
[2026-06-12T15:46:16.511Z] GET http://localhost:4189/node_modules/.vite/deps/chunk-L57YJLEW.js?v=1e27d184 → 200 (5ms, 77818B)
[2026-06-12T15:46:16.511Z] GET http://localhost:4189/node_modules/.vite/deps/chunk-BUSYA2B4.js?v=1e27d184 → 200 (5ms, 279B)
[2026-06-12T15:46:16.511Z] GET http://localhost:4189/node_modules/.vite/deps/chunk-NGODP64W.js?v=1e27d184 → 200 (7ms, 928095B)
[2026-06-12T15:46:16.512Z] GET http://localhost:4189/src/Graph.jsx?t=1781279041370 → 200 (5ms, 45640B)
[2026-06-12T15:46:16.512Z] GET http://localhost:4189/src/DustMode.jsx?t=1781279041370 → 200 (5ms, 37682B)
[2026-06-12T15:46:16.512Z] GET http://localhost:4189/src/FocusSpace.jsx?t=1781279102785 → 200 (5ms, 17049B)
[2026-06-12T15:46:16.512Z] GET http://localhost:4189/src/MediaStage.jsx → 200 (5ms, 12559B)
[2026-06-12T15:46:16.512Z] GET http://localhost:4189/src/Controls.jsx?t=1781270959949 → 200 (5ms, 14281B)
[2026-06-12T15:46:16.512Z] GET http://localhost:4189/src/useSimulation.js?t=1781279041370 → 200 (5ms, 122974B)
[2026-06-12T15:46:16.513Z] GET http://localhost:4189/src/layout.js?t=1781279041370 → 200 (4ms, 14989B)
[2026-06-12T15:46:16.513Z] GET http://localhost:4189/src/data.js?t=1781279019108 → 200 (4ms, 30900B)
[2026-06-12T15:46:16.517Z] GET http://localhost:4189/src/config.js?t=1781270957348 → 200 (1ms, 33825B)
[2026-06-12T15:46:16.518Z] GET http://localhost:4189/node_modules/.vite/deps/d3-force.js?v=1e27d184 → 200 (2ms, 32419B)
[2026-06-12T15:46:24.662Z] GET http://localhost:4189/img/00.jpg → 200 (3ms, 150097B)
[2026-06-12T15:46:25.574Z] GET http://localhost:4189/img/nike.mp4 → 206 (1ms, 398089B)
[2026-06-12T15:52:44.524Z] GET http://localhost:4189/src/MediaStage.jsx?t=1781279564520 → 200 (10ms, 15234B)
[2026-06-12T15:53:05.328Z] GET http://localhost:4189/src/App.jsx?t=1781279585327 → 200 (8ms, 24550B)
[2026-06-12T15:53:08.161Z] GET http://localhost:4189/src/index.css?t=1781279588159 → 200 (2ms, 13859B)
[2026-06-12T15:53:43.873Z] GET http://localhost:4189/src/index.css?t=1781279623872 → 200 (1ms, 13562B)
[2026-06-12T15:55:43.012Z] GET http://localhost:4189/src/MediaStage.jsx?t=1781279743010 → 200 (11ms, 16419B)
